[08:04:10 707]  日志记录:bills@ehkgas.com发送成功
[08:04:13 256]  日志记录:bills@ehkgas.com发送成功
[08:04:13 853]  日志记录:bills@ehkgas.com发送成功
[08:04:14 491]  日志记录:bills@ehkgas.com发送成功
[08:04:15 376]  日志记录:bills@ehkgas.com发送成功
[08:04:15 973]  日志记录:bills@ehkgas.com发送成功
[08:04:19 856]  日志记录:bills@ehkgas.com发送成功
[08:05:31 988]  日志记录:bills@ehkgas.com发送成功
[08:06:16 273]  日志记录:bills@ehkgas.com发送成功
[08:06:18 030]  日志记录:bills@ehkgas.com发送成功
[08:23:14 409]  日志记录:tsang_simon@hotmail.com发送成功
[08:23:15 775]  日志记录:leonzou9494@gmail.com发送成功
[08:23:25 061]  日志记录:catherine1b@hotmail.com发送成功
[08:23:26 862]  日志记录:jacopo_gatti@hotmail.it发送成功
[08:23:27 695]  日志记录:paul.f.treanor@gmail.com发送成功
[08:23:28 515]  日志记录:wolfgang@lupberger.eu发送成功
[08:23:38 946]  日志记录:stuarthoma@icloud.com发送成功
[08:23:39 745]  日志记录:jerrykhchau@gmail.com发送成功
[08:23:40 043]  日志记录:joshocepied@gmail.com发送成功
[08:23:40 265]  日志记录:fabiana@techanon.com发送成功
[08:23:40 466]  日志记录:meiyuhung@hotmail.com发送成功
[08:23:40 663]  日志记录:caskewes@icloud.com发送成功
[08:23:40 923]  日志记录:paul@rosbertglasswall.net发送成功
[08:23:43 038]  日志记录:montewong@yahoo.com发送成功
[08:23:43 114]  日志记录:susan.s.zhou@gmail.com发送成功
[08:23:43 174]  日志记录:julietlus@naver.com发送成功
[08:23:43 264]  日志记录:cpr7010@gmail.com发送成功
[08:23:43 325]  日志记录:NANCY.LOKOS@GMAIL.COM发送成功
[08:23:43 389]  日志记录:chansiutan@gmail.com发送成功
[08:23:43 461]  日志记录:NICHOLAS.BENNETT10@GMAILCOM发送成功
[08:23:43 546]  日志记录:YUICHIROMUTA@HOTMAIL.COM发送成功
[08:23:43 609]  日志记录:jameshogg.hk@gmail.com发送成功
[08:23:43 672]  日志记录:amchu@amchu.com发送成功
[08:23:43 743]  日志记录:prrawle@gmail.com发送成功
[08:23:43 805]  日志记录:mabel@wideworld.com.hk发送成功
[08:23:43 878]  日志记录:YVETTETUNG07@YAHOO.COM.HK发送成功
[08:23:43 946]  日志记录:WHITEFLOOD@AOL.COM发送成功
[08:23:44 044]  日志记录:zhang.jiayue.yq@gmail.com发送成功
[08:23:44 147]  日志记录:thorsen@netvigator.com发送成功
[08:23:44 282]  日志记录:eastallied@live.com发送成功
[08:23:44 398]  日志记录:KIMBERLYYK.TRUE@GMAIL.COM发送成功
[08:23:44 460]  日志记录:eliec@cmtgo.com发送成功
[08:23:44 518]  日志记录:tracyjiang2007@yahoo.com发送成功
[08:23:44 590]  日志记录:yiu1984@gmail.com发送成功
[08:23:44 654]  日志记录:Florence6335@gmail.com发送成功
[08:23:44 729]  日志记录:sbultez@gmail.com发送成功
[08:23:44 793]  日志记录:paklsau_1999@yahoo.com发送成功
[08:23:44 865]  日志记录:beni88yuna@hotmail.com发送成功
[08:23:44 929]  日志记录:vijay_nair@live.com发送成功
[08:23:45 006]  日志记录:matthiasnohl@me.com发送成功
[08:23:45 069]  日志记录:WEICHAN828@GMAIL.COM发送成功
[08:23:45 552]  日志记录:pmlau88@yahoo.com发送成功
[08:23:45 801]  日志记录:Kamanmak@gmail.com发送成功
[08:23:45 947]  日志记录:ripbaybay@gmail.com发送成功
[08:23:46 021]  日志记录:RNICOLAS384@GMAIL.COM发送成功
[08:23:46 085]  日志记录:kunyi322@hotmail.com发送成功
[08:23:46 154]  日志记录:adam508@yahoo.com.hk发送成功
[08:23:46 220]  日志记录:Christinegzh@gmail.com发送成功
[08:23:46 321]  日志记录:hofafabobo@gmail.com发送成功
[08:23:46 383]  日志记录:chiangpolly@hotmail.com发送成功
[08:23:46 446]  日志记录:siullk@hotmail.com发送成功
[08:23:46 522]  日志记录:glanzo02@gmail.com发送成功
[08:23:46 592]  日志记录:davkslee@gmail.com发送成功
[08:23:46 666]  日志记录:jasminenadine@yahoo.com发送成功
[08:23:46 730]  日志记录:chanwei@gmail.com发送成功
[08:23:46 803]  日志记录:aonghais@gmail.com发送成功
[08:23:46 871]  日志记录:odg_china@hotmail.com发送成功
[08:23:46 949]  日志记录:RYAN_M_WILLIAMS@HOTMAIL.COM发送成功
[08:23:47 012]  日志记录:meganolinger@gmail.com发送成功
[08:23:47 100]  日志记录:meganolinger@gmail.com发送成功
[08:23:47 169]  日志记录:INFO@DOLAV.ASIA发送成功
[08:23:47 242]  日志记录:ptchanfrancis@netvigator.com发送成功
[08:23:47 304]  日志记录:angbucu@gmail.com发送成功
[08:23:47 392]  日志记录:lijuanlin@gmail.com发送成功
[08:23:47 457]  日志记录:REGIS.R.PIERQUET@AIRBUS.COM发送成功
[08:23:47 535]  日志记录:ms.pearlchan@gmail.com发送成功
[08:23:47 599]  日志记录:HUANGROY4@GMAIL.COM发送成功
[08:23:47 677]  日志记录:sulpereira@gmail.com发送成功
[08:23:48 142]  日志记录:mikeandjulianowell@gmail.com发送成功
[08:23:48 228]  日志记录:HOLLYDR@BIZNETVIGATOR.NET发送成功
[08:23:48 295]  日志记录:eeeec@msn.com发送成功
[08:23:48 387]  日志记录:alexander.gorman@hotmail.com发送成功
[08:23:48 456]  日志记录:kungwinchester@gmail.com发送成功
[08:23:48 534]  日志记录:I.KLEINSCHMIDT@ME.COM发送成功
[08:23:48 599]  日志记录:NATALIE.SCHOLLE@ICLOUD.COM发送成功
[08:23:48 661]  日志记录:kwokkeungwan@hotmail.com发送成功
[08:23:48 739]  日志记录:hokwc@yahoo.com发送成功
[08:23:48 805]  日志记录:pjtjernberg@gmail.com发送成功
[08:23:48 880]  日志记录:2267624855@qq.com发送成功
[08:23:48 948]  日志记录:WILLY.WWW@GMAIL.COM发送成功
[08:23:49 018]  日志记录:WILLY.WWW@GMAIL.COM发送成功
[08:23:49 080]  日志记录:gulei@hanas.com发送成功
[08:23:49 143]  日志记录:PYIPTWT@NETVIGATOR.COM发送成功
[08:23:49 205]  日志记录:2830700864@qq.com发送成功
[08:23:49 295]  日志记录:wan_wchan@hotmail.com发送成功
[08:23:49 362]  日志记录:marcel.guethoff@gmail.com发送成功
[08:23:49 454]  日志记录:peterkwtsui@yahoo.com.hk发送成功
[08:23:49 536]  日志记录:monicawcwoo@hotmail.com发送成功
[08:23:49 612]  日志记录:visscherscedric@hotmail.com发送成功
[08:23:49 678]  日志记录:PETERBENZIE@GMAIL.COM发送成功
[08:23:49 779]  日志记录:atikafadzil@yahoo.co.uk发送成功
[08:23:49 841]  日志记录:nzav8tor@msn.com发送成功
[08:23:49 922]  日志记录:sridhar@netvigator.com发送成功
[08:23:49 994]  日志记录:adack@netvigator.com发送成功
[08:23:50 063]  日志记录:alexleesuarez@outlook.com发送成功
[08:23:50 146]  日志记录:blefler@gmail.com发送成功
[08:23:50 221]  日志记录:UKGUYINHK@GMAIL.COM发送成功
[08:23:50 284]  日志记录:JOMCB@ASIAGENDA.COM发送成功
[08:23:50 444]  日志记录:BEN.STOCKERT@GMAIL.COM发送成功
[08:23:50 525]  日志记录:treblali@gmail.com发送成功
[08:23:50 600]  日志记录:767airport@gmail.com发送成功
[08:23:50 675]  日志记录:gladyspcleong@gmail.com发送成功
[08:23:50 750]  日志记录:peter@vde-asia.com发送成功
[08:23:50 821]  日志记录:zmenger1@yahoo.com发送成功
[08:23:51 184]  日志记录:tortoishells@gmail.com发送成功
[08:23:51 258]  日志记录:mcleanjeffhk@gmail.com发送成功
[08:23:51 436]  日志记录:NZAV8TOR@MSN.COM发送成功
[08:23:51 516]  日志记录:SOPHIAXIAOPEI@GMAIL.COM发送成功
[08:23:51 583]  日志记录:dbrenovation2016@gmail.com发送成功
[08:23:51 685]  日志记录:jesseeee@gmail.com发送成功
[08:23:51 757]  日志记录:WANGTING_WENDY@HOTMAIL.COM发送成功
[08:23:51 829]  日志记录:renlens@hotmail.com发送成功
[08:23:51 906]  日志记录:thomas.greuter@gmx.com发送成功
[08:23:51 971]  日志记录:liky4hk@gmail.com发送成功
[08:23:52 053]  日志记录:paic@netvigator.om发送成功
[08:23:52 119]  日志记录:macykam@hotmail.com发送成功
[08:23:52 188]  日志记录:jenniferluk18@hotmail.com发送成功
[08:23:52 261]  日志记录:chrisstubbs@me.com发送成功
[08:23:52 354]  日志记录:maischroder@gmail.com发送成功
[08:23:52 427]  日志记录:fgayet@netvigator.com发送成功
[08:23:52 503]  日志记录:andershaagen@gmail.com发送成功
[08:23:52 566]  日志记录:chengpaddy01@gmail.com发送成功
[08:23:52 647]  日志记录:JTHCHIU@GMAIL.COM发送成功
[08:23:52 715]  日志记录:sstalice@yahoo.com.hk发送成功
[08:23:52 797]  日志记录:kelliv01@yahoo.com发送成功
[08:23:52 875]  日志记录:hroosmalen@hotmail.com发送成功
[08:23:52 951]  日志记录:george_docherty@yahoo.com发送成功
[08:23:53 019]  日志记录:PM@OEFIELD.COM发送成功
[08:23:53 099]  日志记录:cathieniu@gmail.com发送成功
[08:23:53 163]  日志记录:bauchinger@gmail.com发送成功
[08:23:53 237]  日志记录:SIX31LUKE@GMAIL.COM发送成功
[08:23:53 303]  日志记录:chi.tang@discoverymind.edu.hk发送成功
[08:23:53 379]  日志记录:IanCusack@gmail.com发送成功
[08:23:53 443]  日志记录:binvhhh@yahoo.com.au发送成功
[08:23:53 514]  日志记录:PORTIATO@VTC.EDU.HK发送成功
[08:23:53 578]  日志记录:PAULPD01@GMAIL.COM发送成功
[08:23:53 726]  日志记录:jessica_tky@hotmail.com发送成功
[08:23:53 807]  日志记录:jackiedouglas@me.com发送成功
[08:23:53 874]  日志记录:s1endenburg@yahoo.com发送成功
[08:23:53 955]  日志记录:edithtung@netvigator.com发送成功
[08:23:54 043]  日志记录:miguelrmenendez@gmail.com发送成功
[08:23:54 119]  日志记录:THEA.DAI@HOTMAIL.COM发送成功
[08:23:54 183]  日志记录:deboramarzocchi@hotmail.com发送成功
[08:23:54 259]  日志记录:michaelhgay@hotmail.com发送成功
[08:23:54 319]  日志记录:kevinleebr@gmail.com发送成功
[08:23:54 381]  日志记录:yuwlt@yahoo.com.hk发送成功
[08:23:54 456]  日志记录:pattyyiu@hotmail.com发送成功
[08:23:54 515]  日志记录:irischan1003@gmail.com发送成功
[08:23:54 605]  日志记录:johnmpritchard@hotmail.com发送成功
[08:23:54 678]  日志记录:James@chefsgarden.net发送成功
[08:23:54 753]  日志记录:naomihk@gmail.com发送成功
[08:23:54 821]  日志记录:hkscdu@biznetvigator.com发送成功
[08:23:54 897]  日志记录:HUADAO@HOTMAIL.COM发送成功
[08:23:54 962]  日志记录:DORIS04@NETVIGATOR.COM发送成功
[08:23:55 036]  日志记录:tamsinming@gmail.com发送成功
[08:23:55 102]  日志记录:rosschez@gmail.com发送成功
[08:23:55 175]  日志记录:ann.tn.ng@gmail.com发送成功
[08:23:55 240]  日志记录:beckylml@hotmail.com发送成功
[08:23:55 320]  日志记录:snsy0810@gmail.com发送成功
[08:23:55 384]  日志记录:judyngfrappier@gmail.com发送成功
[08:23:55 446]  日志记录:iamlamcc@hotmail.com发送成功
[08:23:55 534]  日志记录:mikko.yrjokoskinen@gmail.com发送成功
[08:23:55 607]  日志记录:AI.SUNFLOWER@YAHOO.COM发送成功
[08:23:55 680]  日志记录:HEISSEOO@GMAIL.COM发送成功
[08:23:55 756]  日志记录:Deniz.Guerkan@gmail.com发送成功
[08:23:55 971]  日志记录:njkeating@icloud.com发送成功
[08:23:56 061]  日志记录:amanda_marrero@hotmail.com发送成功
[08:23:56 237]  日志记录:jameslo222888@yahoo.com.hk发送成功
[08:23:56 300]  日志记录:AHKING@HOTMAIL.COM发送成功
[08:23:56 379]  日志记录:tsmarhalim@gmail.com发送成功
[08:23:56 449]  日志记录:samgtopacio@gmail.com发送成功
[08:23:56 520]  日志记录:jonathan_menzies@hotmail.com发送成功
[08:23:56 602]  日志记录:boitemailsmg@gmail.com发送成功
[08:23:56 686]  日志记录:pchow1026@gmail.com发送成功
[08:23:56 764]  日志记录:mamayiu@gmail.com发送成功
[08:23:56 849]  日志记录:doug@kinaridesign.com发送成功
[08:23:56 935]  日志记录:kitty719w@yahoo.com.hk发送成功
[08:23:57 002]  日志记录:mamayiu@gmail.com发送成功
[08:23:57 085]  日志记录:ewhkwan1@yahoo.com.hk发送成功
[08:23:57 168]  日志记录:marigoh@gmail.com发送成功
[08:23:57 255]  日志记录:sicily.ho@gmail.com发送成功
[08:23:57 338]  日志记录:TRUTHIP@GMAIL.COM发送成功
[08:23:57 410]  日志记录:catfoti_72@hotmail.com发送成功
[08:23:57 475]  日志记录:kwkpong@yahoo.com.au发送成功
[08:23:57 545]  日志记录:MTROT@HOTMAIL.COM发送成功
[08:23:57 610]  日志记录:aprwongtl@gmail.com发送成功
[08:23:57 674]  日志记录:kwarner632@gmail.com发送成功
[08:23:57 745]  日志记录:LIZZMCCAUGHEY@ME.COM发送成功
[08:23:57 812]  日志记录:gusse@finn-flare.com发送成功
[08:23:57 886]  日志记录:wongyeetakimelda@yahoo.com.hk发送成功
[08:23:57 959]  日志记录:tangterry@gmail.com发送成功
[08:23:58 021]  日志记录:chrischang90@gmail.com发送成功
[08:23:58 086]  日志记录:alshekhf@yahoo.com发送成功
[08:23:58 169]  日志记录:klphilip@yahoo.co.uk发送成功
[08:23:58 306]  日志记录:sharon.lee@dksh.com发送成功
[08:23:58 402]  日志记录:IRIS_DIENER@YAHOO.COM发送成功
[08:23:58 465]  日志记录:vonhuene@nevigator.com发送成功
[08:23:58 538]  日志记录:pmcpang@hotmail.com发送成功
[08:23:58 623]  日志记录:timothychanck@yahoo.com发送成功
[08:23:58 688]  日志记录:missowgan@yahoo.com发送成功
[08:23:58 772]  日志记录:dongyue0020@yahoo.com发送成功
[08:23:58 862]  日志记录:BERN.WU@YAHOO.COM发送成功
[08:23:58 939]  日志记录:choikmhk@daum.net发送成功
[08:23:59 009]  日志记录:bhenkinet@gmail.com发送成功
[08:23:59 085]  日志记录:richardconnelly@gmail.com发送成功
[08:23:59 148]  日志记录:WILLIAM@BCAZL.COM.HK发送成功
[08:23:59 222]  日志记录:SY.WONG@BELHK.COM.HK发送成功
[08:23:59 294]  日志记录:hchou4@gmail.com发送成功
[08:23:59 359]  日志记录:SANDRAWYATT@HOTMAIL.COM发送成功
[08:23:59 468]  日志记录:PAOLO_VOLPE@YAHOO.IT发送成功
[08:23:59 532]  日志记录:629alilwl@gmail.com发送成功
[08:23:59 607]  日志记录:liwaion@hotmail.com发送成功
[08:23:59 696]  日志记录:dssk08@gmail.com发送成功
[08:23:59 773]  日志记录:RAYCANTELO@LIVE.HK发送成功
[08:23:59 842]  日志记录:kelvin7855@gmail.com发送成功
[08:23:59 912]  日志记录:SANDYPANGSN@GMAIL.COM发送成功
[08:23:59 975]  日志记录:amani.gong@hotmail.com发送成功
[08:24:00 054]  日志记录:amani.gong@hotmail.com发送成功
[08:24:00 120]  日志记录:hapitears@yahoo.com发送成功
[08:24:00 200]  日志记录:jyyinhk@gmail.com发送成功
[08:24:00 277]  日志记录:bonnietsc@yahoo.com发送成功
[08:24:00 362]  日志记录:jaymullens1711@gmail.com发送成功
[08:24:00 536]  日志记录:LIPAKLAI@YAHOO.COM发送成功
[08:24:00 668]  日志记录:fhl_herstal@hotmail.com发送成功
[08:24:00 749]  日志记录:vkriegler@yahoo.com发送成功
[08:24:00 832]  日志记录:yeungho@gmail.com发送成功
[08:24:00 900]  日志记录:ic2mcgrath@hotmail.com发送成功
[08:24:00 996]  日志记录:mikesandsam@conveymail.com发送成功
[08:24:01 079]  日志记录:cmsonychow@hotmail.com发送成功
[08:24:01 142]  日志记录:THORNTONHKHOME@GMAIL.COM发送成功
[08:24:01 207]  日志记录:Resandalai@gmail.com发送成功
[08:24:01 299]  日志记录:andywilliamson@netvigator.com发送成功
[08:24:01 364]  日志记录:craig.chapp@gmail.com发送成功
[08:24:01 446]  日志记录:chriswyyau@gmail.com发送成功
[08:24:01 522]  日志记录:atanhehco@gmail.com发送成功
[08:24:01 591]  日志记录:atanhehco@gmail.com发送成功
[08:24:01 654]  日志记录:the1stretch@gmail.com发送成功
[08:24:01 727]  日志记录:rolandflachsbarth@hotmail.com发送成功
[08:24:01 795]  日志记录:aveleung@netvigator.com发送成功
[08:24:01 878]  日志记录:LIGHTHONGKONG@YAHOO.COM.HK发送成功
[08:24:01 946]  日志记录:dorisraven2@gmail.com发送成功
[08:24:02 011]  日志记录:COPACITA@YAHOO.COM.PH发送成功
[08:24:02 078]  日志记录:snowwhitenennen@gmail.com发送成功
[08:24:02 165]  日志记录:poohpooh0415@gmail.com发送成功
[08:24:02 232]  日志记录:choyaniza@gmail.com发送成功
[08:24:02 312]  日志记录:angelawongli@yahoo.com.hk发送成功
[08:24:02 380]  日志记录:ptohkg@gmail.com发送成功
[08:24:02 461]  日志记录:sandeepcariappa@yahoo.com发送成功
[08:24:02 527]  日志记录:herbertpsho@gmail.com发送成功
[08:24:02 676]  日志记录:winnielam00@gmail.com发送成功
[08:24:02 762]  日志记录:KK761882@GMAIL.COM发送成功
[08:24:02 848]  日志记录:jessieinsg@gmail.com发送成功
[08:24:02 915]  日志记录:jessieinsg@gmail.com发送成功
[08:24:02 987]  日志记录:ggough123@msn.com发送成功
[08:24:03 063]  日志记录:ggough123@msn.com发送成功
[08:24:03 130]  日志记录:sandialam@hotmail.com发送成功
[08:24:03 207]  日志记录:johnmorrishk@yahoo.com发送成功
[08:24:03 277]  日志记录:ben.borland@me.com发送成功
[08:24:03 361]  日志记录:htlkling@netvigator.com发送成功
[08:24:03 428]  日志记录:htlkling@netvigator.com发送成功
[08:24:03 503]  日志记录:JUNE-SHUK-YEE.LEUNG@SC.COM发送成功
[08:24:03 571]  日志记录:389444208@qq.com发送成功
[08:24:03 641]  日志记录:alex_stuart@hotmail.com发送成功
[08:24:03 703]  日志记录:antonio68886@gmail.com发送成功
[08:24:03 769]  日志记录:larrynfrances@yahoo.com发送成功
[08:24:03 855]  日志记录:LOOPING@LOOPING.ORG发送成功
[08:24:03 962]  日志记录:chengpn@gmail.com发送成功
[08:24:04 051]  日志记录:richardmumbai@yahoo.com.hk发送成功
[08:24:04 137]  日志记录:graemeshepherd@anglosterling.com发送成功
[08:24:04 216]  日志记录:PENFURY@GMAIL.COM发送成功
[08:24:04 303]  日志记录:grg04@163.com发送成功
[08:24:04 811]  日志记录:amandakwan@gmail.com发送成功
[08:24:04 968]  日志记录:KENT.ROSSITER@ALLIANZGI.COM发送成功
[08:24:05 258]  日志记录:granyak@gmail.com发送成功
[08:24:05 435]  日志记录:nataliefordie@gmail.com发送成功
[08:24:05 517]  日志记录:pepperrussel@gmail.com发送成功
[08:24:05 615]  日志记录:zephyrchau@hotmail.com发送成功
[08:24:05 708]  日志记录:stevecheong@hotmail.com发送成功
[08:24:05 773]  日志记录:cato@catowahle.no发送成功
[08:24:05 851]  日志记录:MORGANNILSPERSSON@GMAIL.COM发送成功
[08:24:05 920]  日志记录:mioklik@gmail.com发送成功
[08:24:05 993]  日志记录:wongpsh@gmail.com发送成功
[08:24:06 079]  日志记录:barry.cheung.hk@gmail.com发送成功
[08:24:06 146]  日志记录:NORBERT.MENDLICKI@GMAIL.COM发送成功
[08:24:06 259]  日志记录:peduss@hotmail.com发送成功
[08:24:06 321]  日志记录:yingnanw@yahoo.com发送成功
[08:24:06 397]  日志记录:pktosumi@gmail.com发送成功
[08:24:06 464]  日志记录:edithtung@netvigator.com发送成功
[08:24:06 542]  日志记录:janice.au@hotmail.com.hk发送成功
[08:24:06 609]  日志记录:stephen0116@gmail.com发送成功
[08:24:06 687]  日志记录:liza_de_guzman@hotmail.com发送成功
[08:24:06 773]  日志记录:acct@cysarch.com发送成功
[08:24:06 848]  日志记录:KSHRINAGESH@YAHOO.COM发送成功
[08:24:06 916]  日志记录:wenlibi08@gmail.com发送成功
[08:24:07 007]  日志记录:ranjit.varughese@gmail.com发送成功
[08:24:07 068]  日志记录:angela.pettenuzzo@gmail.com发送成功
[08:24:07 151]  日志记录:787svn@gmail.com发送成功
[08:24:07 219]  日志记录:susie923223@gmail.com发送成功
[08:24:07 297]  日志记录:vianna_michaud@yahoo.com发送成功
[08:24:07 365]  日志记录:mareebut@gmail.com发送成功
[08:24:07 439]  日志记录:yclouie@gmail.com发送成功
[08:24:07 506]  日志记录:jojojowmy@gmail.com发送成功
[08:24:07 681]  日志记录:coraho.chan@gmail.com发送成功
[08:24:07 761]  日志记录:MAARYA@YAHOO.COM发送成功
[08:24:07 835]  日志记录:Dingmaxhk@yahoo.com发送成功
[08:24:07 930]  日志记录:ambercomm@yahoo.com发送成功
[08:24:07 995]  日志记录:ADMINISTRATION@JMATEK.COM发送成功
[08:24:08 072]  日志记录:Dehni.jason@gmail.com发送成功
[08:24:08 144]  日志记录:fuguanghk@yahoo.com.hk发送成功
[08:24:08 232]  日志记录:glenngb-80@hotmail.com发送成功
[08:24:08 298]  日志记录:billannej@gmail.com发送成功
[08:24:08 378]  日志记录:xiujingyam@gmail.com发送成功
[08:24:08 445]  日志记录:SHIRLEYLIU007@MSN.COM发送成功
[08:24:08 522]  日志记录:RUGGEROBARONE@GMAIL.COM发送成功
[08:24:08 599]  日志记录:AJDBNH18C@GMAIL.COM发送成功
[08:24:08 699]  日志记录:saiggie@yahoo.co.uk发送成功
[08:24:08 775]  日志记录:locheungwai@yahoo.com.hk发送成功
[08:24:08 848]  日志记录:chanwaiping@gmail.com发送成功
[08:24:08 926]  日志记录:itandyw@gmail.com发送成功
[08:24:09 015]  日志记录:olivierpiel@yahoo.com发送成功
[08:24:09 124]  日志记录:ROBERTDBHO@HOTMAIL.COM发送成功
[08:24:09 195]  日志记录:M.ISEKI@HOTMAIL.CO.JP发送成功
[08:24:09 279]  日志记录:andrewnlynn04@yahoo.com发送成功
[08:24:09 348]  日志记录:KAIROSHAPPENS@GMAIL.COM发送成功
[08:24:09 438]  日志记录:philipnourse@me.com发送成功
[08:24:09 503]  日志记录:wc03chu@netvigator.com发送成功
[08:24:09 584]  日志记录:ULRIKE.WECKLER@ME.COM发送成功
[08:24:09 653]  日志记录:magnus@mdaero.se发送成功
[08:24:09 844]  日志记录:waikintung@gmail.com发送成功
[08:24:09 936]  日志记录:krzysztofsliwinski@gmail.com发送成功
[08:24:10 018]  日志记录:miranda.gee@capital-lake.com发送成功
[08:24:10 089]  日志记录:miranda.gee@capital-lake.com发送成功
[08:24:10 163]  日志记录:emcameron@me.com发送成功
[08:24:10 226]  日志记录:flyingdarren@mac.com发送成功
[08:24:10 313]  日志记录:xinwj2004@gmail.com发送成功
[08:24:10 386]  日志记录:pdytwong@gmail.com发送成功
[08:24:10 454]  日志记录:JIMNTOM@GMAIL.COM发送成功
[08:24:10 542]  日志记录:ALESSANDRO.VALENTINI@YAHOO.IT发送成功
[08:24:10 605]  日志记录:andrew@andrewcoates.com发送成功
[08:24:10 679]  日志记录:gjcgjc444@gmail.com发送成功
[08:24:10 796]  日志记录:gjcgjc444@gmail.com发送成功
[08:24:10 867]  日志记录:mr.yinjun@hotmail.com发送成功
[08:24:10 942]  日志记录:MINSHALL@NETVIGATOR.COM发送成功
[08:24:11 022]  日志记录:dicktwso@netvigator.com发送成功
[08:24:11 100]  日志记录:GENEVA@LACHMIS.COM.HK发送成功
[08:24:11 178]  日志记录:brendanoliverkerby@gmail.com发送成功
[08:24:11 247]  日志记录:thesmalfamily@gmail.com发送成功
[08:24:11 329]  日志记录:innovis950@gmail.com发送成功
[08:24:11 397]  日志记录:pa425804@gmail.com发送成功
[08:24:11 483]  日志记录:mh@allacademy.com发送成功
[08:24:11 578]  日志记录:peter.maruff@velocity-solutions.com发送成功
[08:24:11 656]  日志记录:yeunghh01@gmail.com发送成功
[08:24:11 723]  日志记录:nhaines@yahoo.com发送成功
[08:24:11 828]  日志记录:rainbowhuo@netvigator.com发送成功
[08:24:12 018]  日志记录:julian@lederer-net.de发送成功
[08:24:12 098]  日志记录:kella321@163.com发送成功
[08:24:12 185]  日志记录:phealey001@gmail.com发送成功
[08:24:12 263]  日志记录:JBVWALK@ME.COM发送成功
[08:24:12 339]  日志记录:junlay@yahoo.com发送成功
[08:24:12 435]  日志记录:paulevans88@me.com发送成功
[08:24:12 515]  日志记录:Danielmds@hotmail.com发送成功
[08:24:12 639]  日志记录:stephen_n_edwards@hotmail.com发送成功
[08:24:12 709]  日志记录:danielmfchan@hotmail.com发送成功
[08:24:12 831]  日志记录:BONNIE.SWESEY@GMAIL.COM发送成功
[08:24:12 919]  日志记录:LUCASTORRESI@GMAIL.COM发送成功
[08:24:13 004]  日志记录:arthurtso2008@gmail.com发送成功
[08:24:13 086]  日志记录:SONICA_S@HOTMAIL.COM发送成功
[08:24:13 175]  日志记录:leerussell320@gmail.com发送成功
[08:24:13 262]  日志记录:arunmak@gmail.com发送成功
[08:24:13 361]  日志记录:Bhagm@hotmail.com发送成功
[08:24:13 445]  日志记录:ALAM@LIGHTSWITCH.NET发送成功
[08:24:13 544]  日志记录:GOANGELGO@HOTMAIL.COM发送成功
[08:24:13 630]  日志记录:liezlsevenster@gmail.com发送成功
[08:24:13 781]  日志记录:Thomas.berns@gmx.net发送成功
[08:24:13 861]  日志记录:valpyc@yahoo.com.hk发送成功
[08:24:13 949]  日志记录:ykathrynabbotty@hotmail.com发送成功
[08:24:14 053]  日志记录:eckhardt.petra@web.de发送成功
[08:24:14 237]  日志记录:JUDY.KOO@MAERSK.COM发送成功
[08:24:14 338]  日志记录:ctitmarsh@gmail.com发送成功
[08:24:14 415]  日志记录:yamtc@yahoo.com发送成功
[08:24:14 499]  日志记录:lihz168@126.com发送成功
[08:24:14 577]  日志记录:dothanpy@yahoo.co.uk发送成功
[08:24:14 673]  日志记录:rogerr@gvtc.com发送成功
[08:24:14 750]  日志记录:john.beecroft@icloud.com发送成功
[08:24:14 848]  日志记录:RYANG_DB@YAHOO.COM.HK发送成功
[08:24:14 932]  日志记录:yukizhao222@gmail.com发送成功
[08:24:15 015]  日志记录:JUDY.KOO@maersk.com发送成功
[08:24:15 096]  日志记录:llx@netvigator.com发送成功
[08:24:15 188]  日志记录:JUDY.KOO@MAERSK.COM发送成功
[08:24:15 269]  日志记录:annielaw@huiliholdings.com发送成功
[08:24:15 364]  日志记录:JFRHK@NETVIGATOR.COM发送成功
[08:24:15 452]  日志记录:pchinneck@yahoo.co.uk发送成功
[08:24:15 531]  日志记录:kullenberg4@icloud.com发送成功
[08:24:15 619]  日志记录:ERIK.MOBERG75@GMAIL.COM发送成功
[08:24:15 696]  日志记录:bio6inhongkong@gmail.com发送成功
[08:24:15 802]  日志记录:isabelwinter@me.com发送成功
[08:24:15 884]  日志记录:pan001@gmail.com发送成功
[08:24:15 984]  日志记录:KATHERINE.S.LILLEY@GMAIL.COM发送成功
[08:24:16 074]  日志记录:zhaoxiang0920@gmail.com发送成功
[08:24:16 241]  日志记录:greenkl4@ymail.com发送成功
[08:24:16 402]  日志记录:carmenman0@hotmail.com发送成功
[08:24:16 507]  日志记录:mackie.neil@gmail.com发送成功
[08:24:16 605]  日志记录:QIYANW@YAHOO.COM发送成功
[08:24:16 719]  日志记录:dhchill@aol.com发送成功
[08:24:16 807]  日志记录:THESMALFAMILY@GMAIL.COM发送成功
[08:24:16 910]  日志记录:saraandkong@gmail.com发送成功
[08:24:17 000]  日志记录:tashalewis67@hotmail.com发送成功
[08:24:17 080]  日志记录:iva@willisjl.com发送成功
[08:24:17 188]  日志记录:nicholas@host852.com发送成功
[08:24:17 268]  日志记录:DEKONING.TIMO@GMAIL.COM发送成功
[08:24:17 368]  日志记录:Sally.Tam@boardriders.com发送成功
[08:24:17 450]  日志记录:darcylai@netvigator.com发送成功
[08:24:17 553]  日志记录:CANDYMKLEUNG@YAHOO.COM.HK发送成功
[08:24:17 642]  日志记录:janetchan07@yahoo.com.hk发送成功
[08:24:17 735]  日志记录:mclemmow@me.com发送成功
[08:24:17 812]  日志记录:Angmaco@gmail.com发送成功
[08:24:17 899]  日志记录:PATRICIA.GRAFF.TSE@GMAIL.COM发送成功
[08:24:17 993]  日志记录:stuartmorrie@gmail.com发送成功
[08:24:18 099]  日志记录:fws625@gmail.com发送成功
[08:24:18 176]  日志记录:leefanny01@gmail.com发送成功
[08:24:18 260]  日志记录:mrtwo@me.com发送成功
[08:24:18 343]  日志记录:sherrytse28@gmail.com发送成功
[08:24:18 435]  日志记录:bruin811@yahoo.com发送成功
[08:24:18 629]  日志记录:dotty13056@yahoo.com.hk发送成功
[08:24:18 707]  日志记录:yktsang@hkabc.net发送成功
[08:24:18 793]  日志记录:elsieleung1974@yahoo.com发送成功
[08:24:18 870]  日志记录:smileyfeifei@msn.com发送成功
[08:24:18 961]  日志记录:IAIN.INOZ@GMAIL.COM发送成功
[08:24:19 039]  日志记录:BCBENE@CHANGBENEDESIGN.COM发送成功
[08:24:19 124]  日志记录:HKTCHNLK@NETVIGATOR.COM发送成功
[08:24:19 202]  日志记录:virginiawongwk@gmail.com发送成功
[08:24:19 290]  日志记录:janetlam88@yahoo.com.hk发送成功
[08:24:19 381]  日志记录:zzz111600@gmail.com发送成功
[08:24:19 458]  日志记录:alexltpun@gmail.com发送成功
[08:24:19 553]  日志记录:chow098@gmail.com发送成功
[08:24:19 639]  日志记录:janejane0118@gmail.com发送成功
[08:24:19 720]  日志记录:so_susanna04@yahoo.com.hk发送成功
[08:24:19 812]  日志记录:sidneykeiko@gmail.com发送成功
[08:24:19 896]  日志记录:sangeun@amerro.com发送成功
[08:24:19 980]  日志记录:RAWSON@HOTMAIL.COM发送成功
[08:24:20 056]  日志记录:ms.pearlchan@gmail.com发送成功
[08:24:20 140]  日志记录:PETERA.CRUSH@YAHOO.COM发送成功
[08:24:20 229]  日志记录:Stanleymllee@gmail.com发送成功
[08:24:20 321]  日志记录:MMAGUINESS@GMAIL.COM发送成功
[08:24:20 429]  日志记录:christelle.gilles72@gmail.com发送成功
[08:24:20 508]  日志记录:KARINE.LATIEZE@GMAIL.COM发送成功
[08:24:20 598]  日志记录:johnston.sandrac@gmail.com发送成功
[08:24:20 818]  日志记录:lck1803@gmail.com发送成功
[08:24:20 915]  日志记录:sstalice@yahoo.com.hk发送成功
[08:24:21 002]  日志记录:DISCOBAY@HOTMAIL.COM发送成功
[08:24:21 104]  日志记录:PIERRE.MAUNIER@GMAIL.COM发送成功
[08:24:21 189]  日志记录:peteryoung.hk@gmail.com发送成功
[08:24:21 286]  日志记录:leecsalter@gmail.com发送成功
[08:24:21 361]  日志记录:adubrowski@hotmail.com发送成功
[08:24:21 445]  日志记录:judin@netvigator.com发送成功
[08:24:21 523]  日志记录:CLIPAMY78@GMAIL.COM发送成功
[08:24:21 612]  日志记录:pammymuffin@gmail.com发送成功
[08:24:21 693]  日志记录:glenn_pennell@me.com发送成功
[08:24:21 775]  日志记录:charles@headlandhomes.hk发送成功
[08:24:21 852]  日志记录:STUDAVIES47@HOTMAIL.COM发送成功
[09:58:21 670]  日志记录:tsang_simon@hotmail.com发送成功
[09:58:21 806]  日志记录:leonzou9494@gmail.com发送成功
[09:58:21 873]  日志记录:catherine1b@hotmail.com发送成功
[09:58:21 935]  日志记录:jacopo_gatti@hotmail.it发送成功
[09:58:22 016]  日志记录:paul.f.treanor@gmail.com发送成功
[09:58:22 080]  日志记录:wolfgang@lupberger.eu发送成功
[09:58:22 162]  日志记录:stuarthoma@icloud.com发送成功
[09:58:22 229]  日志记录:jerrykhchau@gmail.com发送成功
[09:58:22 307]  日志记录:joshocepied@gmail.com发送成功
[09:58:22 387]  日志记录:fabiana@techanon.com发送成功
[09:58:22 450]  日志记录:meiyuhung@hotmail.com发送成功
[09:58:22 520]  日志记录:caskewes@icloud.com发送成功
[09:58:22 590]  日志记录:paul@rosbertglasswall.net发送成功
[09:58:22 666]  日志记录:montewong@yahoo.com发送成功
[09:58:22 732]  日志记录:susan.s.zhou@gmail.com发送成功
[09:58:22 827]  日志记录:julietlus@naver.com发送成功
[09:58:22 890]  日志记录:cpr7010@gmail.com发送成功
[09:58:22 954]  日志记录:NANCY.LOKOS@GMAIL.COM发送成功
[09:58:23 025]  日志记录:chansiutan@gmail.com发送成功
[09:58:23 091]  日志记录:NICHOLAS.BENNETT10@GMAILCOM发送成功
[09:58:23 181]  日志记录:YUICHIROMUTA@HOTMAIL.COM发送成功
[09:58:23 254]  日志记录:jameshogg.hk@gmail.com发送成功
[09:58:23 318]  日志记录:amchu@amchu.com发送成功
[09:58:23 386]  日志记录:prrawle@gmail.com发送成功
[09:58:23 467]  日志记录:mabel@wideworld.com.hk发送成功
[09:58:23 558]  日志记录:YVETTETUNG07@YAHOO.COM.HK发送成功
[09:58:23 647]  日志记录:WHITEFLOOD@AOL.COM发送成功
[09:58:23 814]  日志记录:zhang.jiayue.yq@gmail.com发送成功
[09:58:23 894]  日志记录:thorsen@netvigator.com发送成功
[09:58:23 967]  日志记录:eastallied@live.com发送成功
[09:58:24 036]  日志记录:KIMBERLYYK.TRUE@GMAIL.COM发送成功
[09:58:24 096]  日志记录:eliec@cmtgo.com发送成功
[09:58:24 162]  日志记录:tracyjiang2007@yahoo.com发送成功
[09:58:24 304]  日志记录:yiu1984@gmail.com发送成功
[09:58:24 436]  日志记录:Florence6335@gmail.com发送成功
[09:58:24 516]  日志记录:sbultez@gmail.com发送成功
[09:58:24 593]  日志记录:paklsau_1999@yahoo.com发送成功
[09:58:24 685]  日志记录:beni88yuna@hotmail.com发送成功
[09:58:24 753]  日志记录:vijay_nair@live.com发送成功
[09:58:24 812]  日志记录:matthiasnohl@me.com发送成功
[09:58:24 878]  日志记录:WEICHAN828@GMAIL.COM发送成功
[09:58:24 964]  日志记录:pmlau88@yahoo.com发送成功
[09:58:25 021]  日志记录:Kamanmak@gmail.com发送成功
[09:58:25 090]  日志记录:ripbaybay@gmail.com发送成功
[09:58:25 160]  日志记录:RNICOLAS384@GMAIL.COM发送成功
[09:58:25 253]  日志记录:kunyi322@hotmail.com发送成功
[09:58:25 313]  日志记录:adam508@yahoo.com.hk发送成功
[09:58:25 384]  日志记录:Christinegzh@gmail.com发送成功
[09:58:25 455]  日志记录:hofafabobo@gmail.com发送成功
[09:58:25 517]  日志记录:chiangpolly@hotmail.com发送成功
[09:58:25 596]  日志记录:siullk@hotmail.com发送成功
[09:58:25 665]  日志记录:glanzo02@gmail.com发送成功
[09:58:25 737]  日志记录:davkslee@gmail.com发送成功
[09:58:25 799]  日志记录:jasminenadine@yahoo.com发送成功
[09:58:25 882]  日志记录:chanwei@gmail.com发送成功
[09:58:26 087]  日志记录:aonghais@gmail.com发送成功
[09:58:26 163]  日志记录:odg_china@hotmail.com发送成功
[09:58:26 224]  日志记录:RYAN_M_WILLIAMS@HOTMAIL.COM发送成功
[09:58:26 298]  日志记录:meganolinger@gmail.com发送成功
[09:58:26 379]  日志记录:meganolinger@gmail.com发送成功
[09:58:26 437]  日志记录:INFO@DOLAV.ASIA发送成功
[09:58:26 516]  日志记录:ptchanfrancis@netvigator.com发送成功
[09:58:26 597]  日志记录:angbucu@gmail.com发送成功
[09:58:26 659]  日志记录:lijuanlin@gmail.com发送成功
[09:58:26 736]  日志记录:REGIS.R.PIERQUET@AIRBUS.COM发送成功
[09:58:26 802]  日志记录:ms.pearlchan@gmail.com发送成功
[09:58:26 864]  日志记录:HUANGROY4@GMAIL.COM发送成功
[09:58:26 947]  日志记录:sulpereira@gmail.com发送成功
[09:58:27 012]  日志记录:mikeandjulianowell@gmail.com发送成功
[09:58:27 078]  日志记录:HOLLYDR@BIZNETVIGATOR.NET发送成功
[09:58:27 140]  日志记录:eeeec@msn.com发送成功
[09:58:27 238]  日志记录:alexander.gorman@hotmail.com发送成功
[09:58:27 306]  日志记录:kungwinchester@gmail.com发送成功
[09:58:27 379]  日志记录:I.KLEINSCHMIDT@ME.COM发送成功
[09:58:27 443]  日志记录:NATALIE.SCHOLLE@ICLOUD.COM发送成功
[09:58:27 519]  日志记录:kwokkeungwan@hotmail.com发送成功
[09:58:27 580]  日志记录:hokwc@yahoo.com发送成功
[09:58:27 645]  日志记录:pjtjernberg@gmail.com发送成功
[09:58:27 724]  日志记录:2267624855@qq.com发送成功
[09:58:27 795]  日志记录:WILLY.WWW@GMAIL.COM发送成功
[09:58:27 880]  日志记录:WILLY.WWW@GMAIL.COM发送成功
[09:58:27 958]  日志记录:gulei@hanas.com发送成功
[09:58:28 043]  日志记录:PYIPTWT@NETVIGATOR.COM发送成功
[09:58:28 106]  日志记录:2830700864@qq.com发送成功
[09:58:28 339]  日志记录:wan_wchan@hotmail.com发送成功
[09:58:28 428]  日志记录:marcel.guethoff@gmail.com发送成功
[09:58:28 522]  日志记录:peterkwtsui@yahoo.com.hk发送成功
[09:58:28 585]  日志记录:monicawcwoo@hotmail.com发送成功
[09:58:28 644]  日志记录:visscherscedric@hotmail.com发送成功
[09:58:28 706]  日志记录:PETERBENZIE@GMAIL.COM发送成功
[09:58:28 789]  日志记录:atikafadzil@yahoo.co.uk发送成功
[09:58:28 849]  日志记录:nzav8tor@msn.com发送成功
[09:58:28 932]  日志记录:sridhar@netvigator.com发送成功
[09:58:28 995]  日志记录:adack@netvigator.com发送成功
[09:58:29 073]  日志记录:alexleesuarez@outlook.com发送成功
[09:58:29 149]  日志记录:blefler@gmail.com发送成功
[09:58:29 217]  日志记录:UKGUYINHK@GMAIL.COM发送成功
[09:58:29 284]  日志记录:JOMCB@ASIAGENDA.COM发送成功
[09:58:29 361]  日志记录:BEN.STOCKERT@GMAIL.COM发送成功
[09:58:29 455]  日志记录:treblali@gmail.com发送成功
[09:58:29 516]  日志记录:767airport@gmail.com发送成功
[09:58:29 591]  日志记录:gladyspcleong@gmail.com发送成功
[09:58:29 655]  日志记录:peter@vde-asia.com发送成功
[09:58:29 734]  日志记录:zmenger1@yahoo.com发送成功
[09:58:29 816]  日志记录:tortoishells@gmail.com发送成功
[09:58:29 893]  日志记录:mcleanjeffhk@gmail.com发送成功
[09:58:29 979]  日志记录:NZAV8TOR@MSN.COM发送成功
[09:58:30 043]  日志记录:SOPHIAXIAOPEI@GMAIL.COM发送成功
[09:58:30 113]  日志记录:dbrenovation2016@gmail.com发送成功
[09:58:30 177]  日志记录:jesseeee@gmail.com发送成功
[09:58:30 263]  日志记录:WANGTING_WENDY@HOTMAIL.COM发送成功
[09:58:30 430]  日志记录:renlens@hotmail.com发送成功
[09:58:30 545]  日志记录:thomas.greuter@gmx.com发送成功
[09:58:30 657]  日志记录:liky4hk@gmail.com发送成功
[09:58:30 720]  日志记录:paic@netvigator.om发送成功
[09:58:30 783]  日志记录:macykam@hotmail.com发送成功
[09:58:30 848]  日志记录:jenniferluk18@hotmail.com发送成功
[09:58:30 943]  日志记录:chrisstubbs@me.com发送成功
[09:58:31 005]  日志记录:maischroder@gmail.com发送成功
[09:58:31 093]  日志记录:fgayet@netvigator.com发送成功
[09:58:31 156]  日志记录:andershaagen@gmail.com发送成功
[09:58:31 237]  日志记录:chengpaddy01@gmail.com发送成功
[09:58:31 308]  日志记录:JTHCHIU@GMAIL.COM发送成功
[09:58:31 378]  日志记录:sstalice@yahoo.com.hk发送成功
[09:58:31 439]  日志记录:kelliv01@yahoo.com发送成功
[09:58:31 507]  日志记录:hroosmalen@hotmail.com发送成功
[09:58:31 578]  日志记录:george_docherty@yahoo.com发送成功
[09:58:31 652]  日志记录:PM@OEFIELD.COM发送成功
[09:58:31 716]  日志记录:cathieniu@gmail.com发送成功
[09:58:31 798]  日志记录:bauchinger@gmail.com发送成功
[09:58:31 861]  日志记录:SIX31LUKE@GMAIL.COM发送成功
[09:58:31 926]  日志记录:chi.tang@discoverymind.edu.hk发送成功
[09:58:32 029]  日志记录:IanCusack@gmail.com发送成功
[09:58:32 096]  日志记录:binvhhh@yahoo.com.au发送成功
[09:58:32 161]  日志记录:PORTIATO@VTC.EDU.HK发送成功
[09:58:32 236]  日志记录:PAULPD01@GMAIL.COM发送成功
[09:58:32 325]  日志记录:jessica_tky@hotmail.com发送成功
[09:58:32 409]  日志记录:jackiedouglas@me.com发送成功
[09:58:32 486]  日志记录:s1endenburg@yahoo.com发送成功
[09:58:32 659]  日志记录:edithtung@netvigator.com发送成功
[09:58:32 744]  日志记录:miguelrmenendez@gmail.com发送成功
[09:58:32 815]  日志记录:THEA.DAI@HOTMAIL.COM发送成功
[09:58:32 885]  日志记录:deboramarzocchi@hotmail.com发送成功
[09:58:32 951]  日志记录:michaelhgay@hotmail.com发送成功
[09:58:33 027]  日志记录:kevinleebr@gmail.com发送成功
[09:58:33 095]  日志记录:yuwlt@yahoo.com.hk发送成功
[09:58:33 160]  日志记录:pattyyiu@hotmail.com发送成功
[09:58:33 239]  日志记录:irischan1003@gmail.com发送成功
[09:58:33 305]  日志记录:johnmpritchard@hotmail.com发送成功
[09:58:33 371]  日志记录:James@chefsgarden.net发送成功
[09:58:33 439]  日志记录:naomihk@gmail.com发送成功
[09:58:33 524]  日志记录:hkscdu@biznetvigator.com发送成功
[09:58:33 606]  日志记录:HUADAO@HOTMAIL.COM发送成功
[09:58:33 682]  日志记录:DORIS04@NETVIGATOR.COM发送成功
[09:58:33 748]  日志记录:tamsinming@gmail.com发送成功
[09:58:33 817]  日志记录:rosschez@gmail.com发送成功
[09:58:33 877]  日志记录:ann.tn.ng@gmail.com发送成功
[09:58:33 956]  日志记录:beckylml@hotmail.com发送成功
[09:58:34 025]  日志记录:snsy0810@gmail.com发送成功
[09:58:34 096]  日志记录:judyngfrappier@gmail.com发送成功
[09:58:34 157]  日志记录:iamlamcc@hotmail.com发送成功
[09:58:34 294]  日志记录:mikko.yrjokoskinen@gmail.com发送成功
[09:58:34 421]  日志记录:AI.SUNFLOWER@YAHOO.COM发送成功
[09:58:34 497]  日志记录:HEISSEOO@GMAIL.COM发送成功
[09:58:34 584]  日志记录:Deniz.Guerkan@gmail.com发送成功
[09:58:34 652]  日志记录:njkeating@icloud.com发送成功
[09:58:34 732]  日志记录:amanda_marrero@hotmail.com发送成功
[09:58:34 918]  日志记录:jameslo222888@yahoo.com.hk发送成功
[09:58:34 994]  日志记录:AHKING@HOTMAIL.COM发送成功
[09:58:35 059]  日志记录:tsmarhalim@gmail.com发送成功
[09:58:35 165]  日志记录:samgtopacio@gmail.com发送成功
[09:58:35 228]  日志记录:jonathan_menzies@hotmail.com发送成功
[09:58:35 315]  日志记录:boitemailsmg@gmail.com发送成功
[09:58:35 381]  日志记录:pchow1026@gmail.com发送成功
[09:58:35 467]  日志记录:mamayiu@gmail.com发送成功
[09:58:35 534]  日志记录:doug@kinaridesign.com发送成功
[09:58:35 616]  日志记录:kitty719w@yahoo.com.hk发送成功
[09:58:35 682]  日志记录:mamayiu@gmail.com发送成功
[09:58:35 748]  日志记录:ewhkwan1@yahoo.com.hk发送成功
[09:58:35 825]  日志记录:marigoh@gmail.com发送成功
[09:58:35 902]  日志记录:sicily.ho@gmail.com发送成功
[09:58:35 984]  日志记录:TRUTHIP@GMAIL.COM发送成功
[09:58:36 048]  日志记录:catfoti_72@hotmail.com发送成功
[09:58:36 111]  日志记录:kwkpong@yahoo.com.au发送成功
[09:58:36 197]  日志记录:MTROT@HOTMAIL.COM发送成功
[09:58:36 276]  日志记录:aprwongtl@gmail.com发送成功
[09:58:36 344]  日志记录:kwarner632@gmail.com发送成功
[09:58:36 465]  日志记录:LIZZMCCAUGHEY@ME.COM发送成功
[09:58:36 603]  日志记录:gusse@finn-flare.com发送成功
[09:58:36 776]  日志记录:wongyeetakimelda@yahoo.com.hk发送成功
[09:58:36 888]  日志记录:tangterry@gmail.com发送成功
[09:58:36 976]  日志记录:chrischang90@gmail.com发送成功
[09:58:37 054]  日志记录:alshekhf@yahoo.com发送成功
[09:58:37 260]  日志记录:klphilip@yahoo.co.uk发送成功
[09:58:37 339]  日志记录:sharon.lee@dksh.com发送成功
[09:58:37 426]  日志记录:IRIS_DIENER@YAHOO.COM发送成功
[09:58:37 496]  日志记录:vonhuene@nevigator.com发送成功
[09:58:37 573]  日志记录:pmcpang@hotmail.com发送成功
[09:58:37 652]  日志记录:timothychanck@yahoo.com发送成功
[09:58:37 729]  日志记录:missowgan@yahoo.com发送成功
[09:58:37 801]  日志记录:dongyue0020@yahoo.com发送成功
[09:58:37 885]  日志记录:BERN.WU@YAHOO.COM发送成功
[09:58:37 951]  日志记录:choikmhk@daum.net发送成功
[09:58:38 025]  日志记录:bhenkinet@gmail.com发送成功
[09:58:38 092]  日志记录:richardconnelly@gmail.com发送成功
[09:58:38 156]  日志记录:WILLIAM@BCAZL.COM.HK发送成功
[09:58:38 243]  日志记录:SY.WONG@BELHK.COM.HK发送成功
[09:58:38 323]  日志记录:hchou4@gmail.com发送成功
[09:58:38 396]  日志记录:SANDRAWYATT@HOTMAIL.COM发送成功
[09:58:38 455]  日志记录:PAOLO_VOLPE@YAHOO.IT发送成功
[09:58:38 534]  日志记录:629alilwl@gmail.com发送成功
[09:58:38 595]  日志记录:liwaion@hotmail.com发送成功
[09:58:38 668]  日志记录:dssk08@gmail.com发送成功
[09:58:38 765]  日志记录:RAYCANTELO@LIVE.HK发送成功
[09:58:38 854]  日志记录:kelvin7855@gmail.com发送成功
[09:58:38 922]  日志记录:SANDYPANGSN@GMAIL.COM发送成功
[09:58:38 999]  日志记录:amani.gong@hotmail.com发送成功
[09:58:39 063]  日志记录:amani.gong@hotmail.com发送成功
[09:58:39 134]  日志记录:hapitears@yahoo.com发送成功
[09:58:39 210]  日志记录:jyyinhk@gmail.com发送成功
[09:58:39 372]  日志记录:bonnietsc@yahoo.com发送成功
[09:58:39 452]  日志记录:jaymullens1711@gmail.com发送成功
[09:58:39 515]  日志记录:LIPAKLAI@YAHOO.COM发送成功
[09:58:39 590]  日志记录:fhl_herstal@hotmail.com发送成功
[09:58:39 653]  日志记录:vkriegler@yahoo.com发送成功
[09:58:39 722]  日志记录:yeungho@gmail.com发送成功
[09:58:39 785]  日志记录:ic2mcgrath@hotmail.com发送成功
[09:58:39 853]  日志记录:mikesandsam@conveymail.com发送成功
[09:58:39 917]  日志记录:cmsonychow@hotmail.com发送成功
[09:58:40 008]  日志记录:THORNTONHKHOME@GMAIL.COM发送成功
[09:58:40 082]  日志记录:Resandalai@gmail.com发送成功
[09:58:40 149]  日志记录:andywilliamson@netvigator.com发送成功
[09:58:40 213]  日志记录:craig.chapp@gmail.com发送成功
[09:58:40 289]  日志记录:chriswyyau@gmail.com发送成功
[09:58:40 377]  日志记录:atanhehco@gmail.com发送成功
[09:58:40 441]  日志记录:atanhehco@gmail.com发送成功
[09:58:40 521]  日志记录:the1stretch@gmail.com发送成功
[09:58:40 582]  日志记录:rolandflachsbarth@hotmail.com发送成功
[09:58:40 662]  日志记录:aveleung@netvigator.com发送成功
[09:58:40 736]  日志记录:LIGHTHONGKONG@YAHOO.COM.HK发送成功
[09:58:40 808]  日志记录:dorisraven2@gmail.com发送成功
[09:58:40 871]  日志记录:COPACITA@YAHOO.COM.PH发送成功
[09:58:40 932]  日志记录:snowwhitenennen@gmail.com发送成功
[09:58:40 993]  日志记录:poohpooh0415@gmail.com发送成功
[09:58:41 055]  日志记录:choyaniza@gmail.com发送成功
[09:58:41 133]  日志记录:angelawongli@yahoo.com.hk发送成功
[09:58:41 196]  日志记录:ptohkg@gmail.com发送成功
[09:58:41 259]  日志记录:sandeepcariappa@yahoo.com发送成功
[09:58:41 333]  日志记录:herbertpsho@gmail.com发送成功
[09:58:41 427]  日志记录:winnielam00@gmail.com发送成功
[09:58:41 645]  日志记录:KK761882@GMAIL.COM发送成功
[09:58:41 736]  日志记录:jessieinsg@gmail.com发送成功
[09:58:41 922]  日志记录:jessieinsg@gmail.com发送成功
[09:58:42 065]  日志记录:ggough123@msn.com发送成功
[09:58:42 129]  日志记录:ggough123@msn.com发送成功
[09:58:42 193]  日志记录:sandialam@hotmail.com发送成功
[09:58:42 278]  日志记录:johnmorrishk@yahoo.com发送成功
[09:58:42 370]  日志记录:ben.borland@me.com发送成功
[09:58:42 458]  日志记录:htlkling@netvigator.com发送成功
[09:58:42 546]  日志记录:htlkling@netvigator.com发送成功
[09:58:42 619]  日志记录:JUNE-SHUK-YEE.LEUNG@SC.COM发送成功
[09:58:42 689]  日志记录:389444208@qq.com发送成功
[09:58:42 760]  日志记录:alex_stuart@hotmail.com发送成功
[09:58:42 832]  日志记录:antonio68886@gmail.com发送成功
[09:58:42 903]  日志记录:larrynfrances@yahoo.com发送成功
[09:58:42 983]  日志记录:LOOPING@LOOPING.ORG发送成功
[09:58:43 053]  日志记录:chengpn@gmail.com发送成功
[09:58:43 118]  日志记录:richardmumbai@yahoo.com.hk发送成功
[09:58:43 191]  日志记录:graemeshepherd@anglosterling.com发送成功
[09:58:43 261]  日志记录:PENFURY@GMAIL.COM发送成功
[09:58:43 346]  日志记录:grg04@163.com发送成功
[09:58:43 410]  日志记录:amandakwan@gmail.com发送成功
[09:58:43 488]  日志记录:KENT.ROSSITER@ALLIANZGI.COM发送成功
[09:58:43 561]  日志记录:granyak@gmail.com发送成功
[09:58:43 633]  日志记录:nataliefordie@gmail.com发送成功
[09:58:43 719]  日志记录:pepperrussel@gmail.com发送成功
[09:58:43 799]  日志记录:zephyrchau@hotmail.com发送成功
[09:58:44 042]  日志记录:stevecheong@hotmail.com发送成功
[09:58:44 165]  日志记录:cato@catowahle.no发送成功
[09:58:44 252]  日志记录:MORGANNILSPERSSON@GMAIL.COM发送成功
[09:58:44 323]  日志记录:mioklik@gmail.com发送成功
[09:58:44 413]  日志记录:wongpsh@gmail.com发送成功
[09:58:44 488]  日志记录:barry.cheung.hk@gmail.com发送成功
[09:58:44 552]  日志记录:NORBERT.MENDLICKI@GMAIL.COM发送成功
[09:58:44 667]  日志记录:peduss@hotmail.com发送成功
[09:58:44 748]  日志记录:yingnanw@yahoo.com发送成功
[09:58:44 806]  日志记录:pktosumi@gmail.com发送成功
[09:58:44 866]  日志记录:edithtung@netvigator.com发送成功
[09:58:44 928]  日志记录:janice.au@hotmail.com.hk发送成功
[09:58:45 015]  日志记录:stephen0116@gmail.com发送成功
[09:58:45 084]  日志记录:liza_de_guzman@hotmail.com发送成功
[09:58:45 159]  日志记录:acct@cysarch.com发送成功
[09:58:45 277]  日志记录:KSHRINAGESH@YAHOO.COM发送成功
[09:58:45 394]  日志记录:wenlibi08@gmail.com发送成功
[09:58:45 484]  日志记录:ranjit.varughese@gmail.com发送成功
[09:58:45 568]  日志记录:angela.pettenuzzo@gmail.com发送成功
[09:58:45 629]  日志记录:787svn@gmail.com发送成功
[09:58:45 694]  日志记录:susie923223@gmail.com发送成功
[09:58:45 779]  日志记录:vianna_michaud@yahoo.com发送成功
[09:58:45 862]  日志记录:mareebut@gmail.com发送成功
[09:58:45 925]  日志记录:yclouie@gmail.com发送成功
[09:58:46 028]  日志记录:jojojowmy@gmail.com发送成功
[09:58:46 097]  日志记录:coraho.chan@gmail.com发送成功
[09:58:46 316]  日志记录:MAARYA@YAHOO.COM发送成功
[09:58:46 492]  日志记录:Dingmaxhk@yahoo.com发送成功
[09:58:46 596]  日志记录:ambercomm@yahoo.com发送成功
[09:58:46 662]  日志记录:ADMINISTRATION@JMATEK.COM发送成功
[09:58:46 725]  日志记录:Dehni.jason@gmail.com发送成功
[09:58:46 789]  日志记录:fuguanghk@yahoo.com.hk发送成功
[09:58:46 855]  日志记录:glenngb-80@hotmail.com发送成功
[09:58:46 941]  日志记录:billannej@gmail.com发送成功
[09:58:47 018]  日志记录:xiujingyam@gmail.com发送成功
[09:58:47 088]  日志记录:SHIRLEYLIU007@MSN.COM发送成功
[09:58:47 151]  日志记录:RUGGEROBARONE@GMAIL.COM发送成功
[09:58:47 228]  日志记录:AJDBNH18C@GMAIL.COM发送成功
[09:58:47 315]  日志记录:saiggie@yahoo.co.uk发送成功
[09:58:47 397]  日志记录:locheungwai@yahoo.com.hk发送成功
[09:58:47 464]  日志记录:chanwaiping@gmail.com发送成功
[09:58:47 540]  日志记录:itandyw@gmail.com发送成功
[09:58:47 618]  日志记录:olivierpiel@yahoo.com发送成功
[09:58:47 684]  日志记录:ROBERTDBHO@HOTMAIL.COM发送成功
[09:58:47 753]  日志记录:M.ISEKI@HOTMAIL.CO.JP发送成功
[09:58:47 825]  日志记录:andrewnlynn04@yahoo.com发送成功
[09:58:47 899]  日志记录:KAIROSHAPPENS@GMAIL.COM发送成功
[09:58:47 967]  日志记录:philipnourse@me.com发送成功
[09:58:48 051]  日志记录:wc03chu@netvigator.com发送成功
[09:58:48 120]  日志记录:ULRIKE.WECKLER@ME.COM发送成功
[09:58:48 187]  日志记录:magnus@mdaero.se发送成功
[09:58:48 276]  日志记录:waikintung@gmail.com发送成功
[09:58:48 359]  日志记录:krzysztofsliwinski@gmail.com发送成功
[09:58:48 426]  日志记录:miranda.gee@capital-lake.com发送成功
[09:58:48 510]  日志记录:miranda.gee@capital-lake.com发送成功
[09:58:48 580]  日志记录:emcameron@me.com发送成功
[09:58:48 669]  日志记录:flyingdarren@mac.com发送成功
[09:58:48 733]  日志记录:xinwj2004@gmail.com发送成功
[09:58:48 919]  日志记录:pdytwong@gmail.com发送成功
[09:58:48 980]  日志记录:JIMNTOM@GMAIL.COM发送成功
[09:58:49 047]  日志记录:ALESSANDRO.VALENTINI@YAHOO.IT发送成功
[09:58:49 134]  日志记录:andrew@andrewcoates.com发送成功
[09:58:49 197]  日志记录:gjcgjc444@gmail.com发送成功
[09:58:49 310]  日志记录:gjcgjc444@gmail.com发送成功
[09:58:49 377]  日志记录:mr.yinjun@hotmail.com发送成功
[09:58:49 450]  日志记录:MINSHALL@NETVIGATOR.COM发送成功
[09:58:49 536]  日志记录:dicktwso@netvigator.com发送成功
[09:58:49 604]  日志记录:GENEVA@LACHMIS.COM.HK发送成功
[09:58:49 678]  日志记录:brendanoliverkerby@gmail.com发送成功
[09:58:49 757]  日志记录:thesmalfamily@gmail.com发送成功
[09:58:49 838]  日志记录:innovis950@gmail.com发送成功
[09:58:49 903]  日志记录:pa425804@gmail.com发送成功
[09:58:49 999]  日志记录:mh@allacademy.com发送成功
[09:58:50 071]  日志记录:peter.maruff@velocity-solutions.com发送成功
[09:58:50 151]  日志记录:yeunghh01@gmail.com发送成功
[09:58:50 227]  日志记录:nhaines@yahoo.com发送成功
[09:58:50 358]  日志记录:rainbowhuo@netvigator.com发送成功
[09:58:50 429]  日志记录:julian@lederer-net.de发送成功
[09:58:50 511]  日志记录:kella321@163.com发送成功
[09:58:50 587]  日志记录:phealey001@gmail.com发送成功
[09:58:50 685]  日志记录:JBVWALK@ME.COM发送成功
[09:58:50 752]  日志记录:junlay@yahoo.com发送成功
[09:58:50 865]  日志记录:paulevans88@me.com发送成功
[09:58:50 940]  日志记录:Danielmds@hotmail.com发送成功
[09:58:51 108]  日志记录:stephen_n_edwards@hotmail.com发送成功
[09:58:51 201]  日志记录:danielmfchan@hotmail.com发送成功
[09:58:51 319]  日志记录:BONNIE.SWESEY@GMAIL.COM发送成功
[09:58:51 401]  日志记录:LUCASTORRESI@GMAIL.COM发送成功
[09:58:51 471]  日志记录:arthurtso2008@gmail.com发送成功
[09:58:51 541]  日志记录:SONICA_S@HOTMAIL.COM发送成功
[09:58:51 619]  日志记录:leerussell320@gmail.com发送成功
[09:58:51 708]  日志记录:arunmak@gmail.com发送成功
[09:58:51 798]  日志记录:Bhagm@hotmail.com发送成功
[09:58:51 877]  日志记录:ALAM@LIGHTSWITCH.NET发送成功
[09:58:51 959]  日志记录:GOANGELGO@HOTMAIL.COM发送成功
[09:58:52 029]  日志记录:liezlsevenster@gmail.com发送成功
[09:58:52 094]  日志记录:Thomas.berns@gmx.net发送成功
[09:58:52 176]  日志记录:valpyc@yahoo.com.hk发送成功
[09:58:52 258]  日志记录:ykathrynabbotty@hotmail.com发送成功
[09:58:52 336]  日志记录:eckhardt.petra@web.de发送成功
[09:58:52 413]  日志记录:JUDY.KOO@MAERSK.COM发送成功
[09:58:52 485]  日志记录:ctitmarsh@gmail.com发送成功
[09:58:52 556]  日志记录:yamtc@yahoo.com发送成功
[09:58:52 622]  日志记录:lihz168@126.com发送成功
[09:58:52 697]  日志记录:dothanpy@yahoo.co.uk发送成功
[09:58:52 769]  日志记录:rogerr@gvtc.com发送成功
[09:58:52 905]  日志记录:john.beecroft@icloud.com发送成功
[09:58:52 983]  日志记录:RYANG_DB@YAHOO.COM.HK发送成功
[09:58:53 088]  日志记录:yukizhao222@gmail.com发送成功
[09:58:53 170]  日志记录:JUDY.KOO@maersk.com发送成功
[09:58:53 501]  日志记录:llx@netvigator.com发送成功
[09:58:53 598]  日志记录:JUDY.KOO@MAERSK.COM发送成功
[09:58:53 665]  日志记录:annielaw@huiliholdings.com发送成功
[09:58:53 750]  日志记录:JFRHK@NETVIGATOR.COM发送成功
[09:58:53 823]  日志记录:pchinneck@yahoo.co.uk发送成功
[09:58:53 888]  日志记录:kullenberg4@icloud.com发送成功
[09:58:53 980]  日志记录:ERIK.MOBERG75@GMAIL.COM发送成功
[09:58:54 050]  日志记录:bio6inhongkong@gmail.com发送成功
[09:58:54 134]  日志记录:isabelwinter@me.com发送成功
[09:58:54 208]  日志记录:pan001@gmail.com发送成功
[09:58:54 282]  日志记录:KATHERINE.S.LILLEY@GMAIL.COM发送成功
[09:58:54 349]  日志记录:zhaoxiang0920@gmail.com发送成功
[09:58:54 428]  日志记录:greenkl4@ymail.com发送成功
[09:58:54 508]  日志记录:carmenman0@hotmail.com发送成功
[09:58:54 579]  日志记录:mackie.neil@gmail.com发送成功
[09:58:54 642]  日志记录:QIYANW@YAHOO.COM发送成功
[09:58:54 708]  日志记录:dhchill@aol.com发送成功
[09:58:54 798]  日志记录:THESMALFAMILY@GMAIL.COM发送成功
[09:58:54 862]  日志记录:saraandkong@gmail.com发送成功
[09:58:54 929]  日志记录:tashalewis67@hotmail.com发送成功
[09:58:55 014]  日志记录:iva@willisjl.com发送成功
[09:58:55 082]  日志记录:nicholas@host852.com发送成功
[09:58:55 170]  日志记录:DEKONING.TIMO@GMAIL.COM发送成功
[09:58:55 242]  日志记录:Sally.Tam@boardriders.com发送成功
[09:58:55 320]  日志记录:darcylai@netvigator.com发送成功
[09:58:55 402]  日志记录:CANDYMKLEUNG@YAHOO.COM.HK发送成功
[09:58:55 474]  日志记录:janetchan07@yahoo.com.hk发送成功
[09:58:55 552]  日志记录:mclemmow@me.com发送成功
[09:58:55 618]  日志记录:Angmaco@gmail.com发送成功
[09:58:55 688]  日志记录:PATRICIA.GRAFF.TSE@GMAIL.COM发送成功
[09:58:55 762]  日志记录:stuartmorrie@gmail.com发送成功
[09:58:56 024]  日志记录:fws625@gmail.com发送成功
[09:58:56 268]  日志记录:leefanny01@gmail.com发送成功
[09:58:56 340]  日志记录:mrtwo@me.com发送成功
[09:58:56 424]  日志记录:sherrytse28@gmail.com发送成功
[09:58:56 491]  日志记录:bruin811@yahoo.com发送成功
[09:58:56 570]  日志记录:dotty13056@yahoo.com.hk发送成功
[09:58:56 643]  日志记录:yktsang@hkabc.net发送成功
[09:58:56 915]  日志记录:elsieleung1974@yahoo.com发送成功
[09:58:56 990]  日志记录:smileyfeifei@msn.com发送成功
[09:58:57 067]  日志记录:IAIN.INOZ@GMAIL.COM发送成功
[09:58:57 131]  日志记录:BCBENE@CHANGBENEDESIGN.COM发送成功
[09:58:57 196]  日志记录:HKTCHNLK@NETVIGATOR.COM发送成功
[09:58:57 277]  日志记录:virginiawongwk@gmail.com发送成功
[09:58:57 359]  日志记录:janetlam88@yahoo.com.hk发送成功
[09:58:57 447]  日志记录:zzz111600@gmail.com发送成功
[09:58:57 516]  日志记录:alexltpun@gmail.com发送成功
[09:58:57 598]  日志记录:chow098@gmail.com发送成功
[09:58:57 666]  日志记录:janejane0118@gmail.com发送成功
[09:58:57 743]  日志记录:so_susanna04@yahoo.com.hk发送成功
[09:58:57 831]  日志记录:sidneykeiko@gmail.com发送成功
[09:58:57 904]  日志记录:sangeun@amerro.com发送成功
[09:58:57 986]  日志记录:RAWSON@HOTMAIL.COM发送成功
[09:58:58 049]  日志记录:ms.pearlchan@gmail.com发送成功
[09:58:58 125]  日志记录:PETERA.CRUSH@YAHOO.COM发送成功
[09:58:58 194]  日志记录:Stanleymllee@gmail.com发送成功
[09:58:58 260]  日志记录:MMAGUINESS@GMAIL.COM发送成功
[09:58:58 340]  日志记录:christelle.gilles72@gmail.com发送成功
[09:58:58 429]  日志记录:KARINE.LATIEZE@GMAIL.COM发送成功
[09:58:58 606]  日志记录:johnston.sandrac@gmail.com发送成功
[09:58:58 844]  日志记录:lck1803@gmail.com发送成功
[09:58:58 929]  日志记录:sstalice@yahoo.com.hk发送成功
[09:58:59 012]  日志记录:DISCOBAY@HOTMAIL.COM发送成功
[09:58:59 096]  日志记录:PIERRE.MAUNIER@GMAIL.COM发送成功
[09:58:59 186]  日志记录:peteryoung.hk@gmail.com发送成功
[09:58:59 254]  日志记录:leecsalter@gmail.com发送成功
[09:58:59 330]  日志记录:adubrowski@hotmail.com发送成功
[09:58:59 421]  日志记录:judin@netvigator.com发送成功
[09:58:59 492]  日志记录:CLIPAMY78@GMAIL.COM发送成功
[09:58:59 573]  日志记录:pammymuffin@gmail.com发送成功
[09:58:59 637]  日志记录:glenn_pennell@me.com发送成功
[09:58:59 723]  日志记录:charles@headlandhomes.hk发送成功
[09:58:59 787]  日志记录:STUDAVIES47@HOTMAIL.COM发送成功
